android/app/build/intermediates/manifest_merge_blame_file/release/manifest-merger-blame-release-report.txt
1<?xml version="1.0" encoding="utf-8"?>
2<manifest xmlns:android="http://schemas.android.com/apk/res/android"
3    package="com.edocket.customer"
4    android:versionCode="4"
5    android:versionName="1.3" >
6
7    <uses-sdk
8        android:minSdkVersion="21"
8-->src/main/AndroidManifest.xml
9        android:targetSdkVersion="30" />
9-->src/main/AndroidManifest.xml
10
11    <uses-permission android:name="android.permission.INTERNET" />
11-->src/main/AndroidManifest.xml:4:5-67
11-->src/main/AndroidManifest.xml:4:22-64
12    <uses-permission android:name="android.permission.VIBRATE" />
12-->src/main/AndroidManifest.xml:5:5-65
12-->src/main/AndroidManifest.xml:5:22-63
13    <uses-permission android:name="android.permission.CAMERA" />
13-->src/main/AndroidManifest.xml:6:5-65
13-->src/main/AndroidManifest.xml:6:22-62
14    <uses-permission android:name="android.permission.READ_EXTERNAL_STORAGE" />
14-->src/main/AndroidManifest.xml:7:5-80
14-->src/main/AndroidManifest.xml:7:22-77
15    <uses-permission android:name="android.permission.WRITE_EXTERNAL_STORAGE" />
15-->src/main/AndroidManifest.xml:8:5-81
15-->src/main/AndroidManifest.xml:8:22-78
16    <uses-permission android:name="android.permission.ACCESS_NETWORK_STATE" />
16-->[:react-native-community_netinfo] AndroidManifest.xml:9:5-79
16-->[:react-native-community_netinfo] AndroidManifest.xml:9:22-76
17    <uses-permission android:name="android.permission.ACCESS_WIFI_STATE" />
17-->[:react-native-community_netinfo] AndroidManifest.xml:10:5-76
17-->[:react-native-community_netinfo] AndroidManifest.xml:10:22-73
18
19    <uses-feature
19-->[:react-native-camera] AndroidManifest.xml:11:5-13:36
20        android:name="android.hardware.camera"
20-->[:react-native-camera] AndroidManifest.xml:12:9-47
21        android:required="false" />
21-->[:react-native-camera] AndroidManifest.xml:13:9-33
22    <uses-feature
22-->[:react-native-camera] AndroidManifest.xml:14:5-16:36
23        android:name="android.hardware.camera.autofocus"
23-->[:react-native-camera] AndroidManifest.xml:15:9-57
24        android:required="false" />
24-->[:react-native-camera] AndroidManifest.xml:16:9-33
25
26    <application
26-->src/main/AndroidManifest.xml:10:5-31:19
27        android:name="com.edocket.customer.MainApplication"
27-->src/main/AndroidManifest.xml:12:7-38
28        android:allowBackup="false"
28-->src/main/AndroidManifest.xml:16:7-34
29        android:appComponentFactory="androidx.core.app.CoreComponentFactory"
29-->[androidx.core:core:1.6.0] AndroidManifest.xml:24:18-86
30        android:icon="@mipmap/ic_launcher"
30-->src/main/AndroidManifest.xml:14:7-41
31        android:label="@string/app_name"
31-->src/main/AndroidManifest.xml:13:7-39
32        android:largeHeap="true"
32-->src/main/AndroidManifest.xml:11:9-33
33        android:roundIcon="@mipmap/ic_launcher_round"
33-->src/main/AndroidManifest.xml:15:7-52
34        android:theme="@style/AppTheme" >
34-->src/main/AndroidManifest.xml:17:7-38
35        <activity
35-->src/main/AndroidManifest.xml:18:7-30:18
36            android:name="com.edocket.customer.MainActivity"
36-->src/main/AndroidManifest.xml:19:9-37
37            android:configChanges="keyboard|keyboardHidden|orientation|screenSize|uiMode"
37-->src/main/AndroidManifest.xml:21:9-86
38            android:label="@string/app_name"
38-->src/main/AndroidManifest.xml:20:9-41
39            android:launchMode="singleTask"
39-->src/main/AndroidManifest.xml:22:9-40
40            android:screenOrientation="portrait"
40-->src/main/AndroidManifest.xml:24:9-45
41            android:windowSoftInputMode="adjustResize" >
41-->src/main/AndroidManifest.xml:23:9-51
42            <intent-filter>
42-->src/main/AndroidManifest.xml:25:9-29:25
43                <action android:name="android.intent.action.MAIN" />
43-->src/main/AndroidManifest.xml:26:13-65
43-->src/main/AndroidManifest.xml:26:21-62
44
45                <category android:name="android.intent.category.LAUNCHER" />
45-->src/main/AndroidManifest.xml:27:13-73
45-->src/main/AndroidManifest.xml:27:23-70
46
47                <action android:name="android.intent.action.DOWNLOAD_COMPLETE" />
47-->src/main/AndroidManifest.xml:28:13-77
47-->src/main/AndroidManifest.xml:28:21-75
48            </intent-filter>
49        </activity>
50
51        <provider
51-->[:react-native-share] AndroidManifest.xml:10:9-18:20
52            android:name="cl.json.RNShareFileProvider"
52-->[:react-native-share] AndroidManifest.xml:11:13-55
53            android:authorities="com.edocket.customer.rnshare.fileprovider"
53-->[:react-native-share] AndroidManifest.xml:12:13-72
54            android:exported="false"
54-->[:react-native-share] AndroidManifest.xml:13:13-37
55            android:grantUriPermissions="true" >
55-->[:react-native-share] AndroidManifest.xml:14:13-47
56            <meta-data
56-->[:react-native-share] AndroidManifest.xml:15:13-17:64
57                android:name="android.support.FILE_PROVIDER_PATHS"
57-->[:react-native-share] AndroidManifest.xml:16:17-67
58                android:resource="@xml/share_download_paths" />
58-->[:react-native-share] AndroidManifest.xml:17:17-61
59        </provider>
60        <provider
60-->[:react-native-webview] AndroidManifest.xml:12:9-20:20
61            android:name="com.reactnativecommunity.webview.RNCWebViewFileProvider"
61-->[:react-native-webview] AndroidManifest.xml:13:13-83
62            android:authorities="com.edocket.customer.fileprovider"
62-->[:react-native-webview] AndroidManifest.xml:14:13-64
63            android:exported="false"
63-->[:react-native-webview] AndroidManifest.xml:15:13-37
64            android:grantUriPermissions="true" >
64-->[:react-native-webview] AndroidManifest.xml:16:13-47
65            <meta-data
65-->[:react-native-share] AndroidManifest.xml:15:13-17:64
66                android:name="android.support.FILE_PROVIDER_PATHS"
66-->[:react-native-share] AndroidManifest.xml:16:17-67
67                android:resource="@xml/file_provider_paths" />
67-->[:react-native-share] AndroidManifest.xml:17:17-61
68        </provider>
69
70        <service
70-->[com.google.android.gms:play-services-mlkit-text-recognition:16.3.0] AndroidManifest.xml:9:9-15:19
71            android:name="com.google.mlkit.common.internal.MlKitComponentDiscoveryService"
71-->[com.google.android.gms:play-services-mlkit-text-recognition:16.3.0] AndroidManifest.xml:10:13-91
72            android:directBootAware="true"
72-->[com.google.mlkit:common:17.2.0] AndroidManifest.xml:17:13-43
73            android:exported="false" >
73-->[com.google.android.gms:play-services-mlkit-text-recognition:16.3.0] AndroidManifest.xml:11:13-37
74            <meta-data
74-->[com.google.android.gms:play-services-mlkit-text-recognition:16.3.0] AndroidManifest.xml:12:13-14:85
75                android:name="com.google.firebase.components:com.google.mlkit.vision.text.internal.TextRegistrar"
75-->[com.google.android.gms:play-services-mlkit-text-recognition:16.3.0] AndroidManifest.xml:13:17-114
76                android:value="com.google.firebase.components.ComponentRegistrar" />
76-->[com.google.android.gms:play-services-mlkit-text-recognition:16.3.0] AndroidManifest.xml:14:17-82
77            <meta-data
77-->[com.google.android.gms:play-services-mlkit-barcode-scanning:16.2.0] AndroidManifest.xml:12:13-14:85
78                android:name="com.google.firebase.components:com.google.mlkit.vision.barcode.internal.BarcodeRegistrar"
78-->[com.google.android.gms:play-services-mlkit-barcode-scanning:16.2.0] AndroidManifest.xml:13:17-120
79                android:value="com.google.firebase.components.ComponentRegistrar" />
79-->[com.google.android.gms:play-services-mlkit-barcode-scanning:16.2.0] AndroidManifest.xml:14:17-82
80            <meta-data
80-->[com.google.android.gms:play-services-mlkit-face-detection:16.2.0] AndroidManifest.xml:12:13-14:85
81                android:name="com.google.firebase.components:com.google.mlkit.vision.face.internal.FaceRegistrar"
81-->[com.google.android.gms:play-services-mlkit-face-detection:16.2.0] AndroidManifest.xml:13:17-114
82                android:value="com.google.firebase.components.ComponentRegistrar" />
82-->[com.google.android.gms:play-services-mlkit-face-detection:16.2.0] AndroidManifest.xml:14:17-82
83            <meta-data
83-->[com.google.mlkit:vision-common:16.5.0] AndroidManifest.xml:12:13-14:85
84                android:name="com.google.firebase.components:com.google.mlkit.vision.common.internal.VisionCommonRegistrar"
84-->[com.google.mlkit:vision-common:16.5.0] AndroidManifest.xml:13:17-124
85                android:value="com.google.firebase.components.ComponentRegistrar" />
85-->[com.google.mlkit:vision-common:16.5.0] AndroidManifest.xml:14:17-82
86            <meta-data
86-->[com.google.mlkit:common:17.2.0] AndroidManifest.xml:20:13-22:85
87                android:name="com.google.firebase.components:com.google.mlkit.common.internal.CommonComponentRegistrar"
87-->[com.google.mlkit:common:17.2.0] AndroidManifest.xml:21:17-120
88                android:value="com.google.firebase.components.ComponentRegistrar" />
88-->[com.google.mlkit:common:17.2.0] AndroidManifest.xml:22:17-82
89        </service>
90
91        <provider
91-->[com.google.mlkit:common:17.2.0] AndroidManifest.xml:9:9-13:38
92            android:name="com.google.mlkit.common.internal.MlKitInitProvider"
92-->[com.google.mlkit:common:17.2.0] AndroidManifest.xml:10:13-78
93            android:authorities="com.edocket.customer.mlkitinitprovider"
93-->[com.google.mlkit:common:17.2.0] AndroidManifest.xml:11:13-69
94            android:exported="false"
94-->[com.google.mlkit:common:17.2.0] AndroidManifest.xml:12:13-37
95            android:initOrder="99" />
95-->[com.google.mlkit:common:17.2.0] AndroidManifest.xml:13:13-35
96
97        <service
97-->[com.google.android.datatransport:transport-backend-cct:2.3.3] AndroidManifest.xml:29:9-35:19
98            android:name="com.google.android.datatransport.runtime.backends.TransportBackendDiscovery"
98-->[com.google.android.datatransport:transport-backend-cct:2.3.3] AndroidManifest.xml:30:13-103
99            android:exported="false" >
99-->[com.google.android.datatransport:transport-backend-cct:2.3.3] AndroidManifest.xml:31:13-37
100            <meta-data
100-->[com.google.android.datatransport:transport-backend-cct:2.3.3] AndroidManifest.xml:32:13-34:39
101                android:name="backend:com.google.android.datatransport.cct.CctBackendFactory"
101-->[com.google.android.datatransport:transport-backend-cct:2.3.3] AndroidManifest.xml:33:17-94
102                android:value="cct" />
102-->[com.google.android.datatransport:transport-backend-cct:2.3.3] AndroidManifest.xml:34:17-36
103        </service>
104        <service
104-->[com.google.android.datatransport:transport-runtime:2.2.6] AndroidManifest.xml:26:9-30:19
105            android:name="com.google.android.datatransport.runtime.scheduling.jobscheduling.JobInfoSchedulerService"
105-->[com.google.android.datatransport:transport-runtime:2.2.6] AndroidManifest.xml:27:13-117
106            android:exported="false"
106-->[com.google.android.datatransport:transport-runtime:2.2.6] AndroidManifest.xml:28:13-37
107            android:permission="android.permission.BIND_JOB_SERVICE" >
107-->[com.google.android.datatransport:transport-runtime:2.2.6] AndroidManifest.xml:29:13-69
108        </service>
109
110        <receiver
110-->[com.google.android.datatransport:transport-runtime:2.2.6] AndroidManifest.xml:32:9-34:40
111            android:name="com.google.android.datatransport.runtime.scheduling.jobscheduling.AlarmManagerSchedulerBroadcastReceiver"
111-->[com.google.android.datatransport:transport-runtime:2.2.6] AndroidManifest.xml:33:13-132
112            android:exported="false" />
112-->[com.google.android.datatransport:transport-runtime:2.2.6] AndroidManifest.xml:34:13-37
113
114        <meta-data
114-->[com.github.bumptech.glide:okhttp3-integration:4.12.0] AndroidManifest.xml:11:9-13:43
115            android:name="com.bumptech.glide.integration.okhttp3.OkHttpGlideModule"
115-->[com.github.bumptech.glide:okhttp3-integration:4.12.0] AndroidManifest.xml:12:13-84
116            android:value="GlideModule" />
116-->[com.github.bumptech.glide:okhttp3-integration:4.12.0] AndroidManifest.xml:13:13-40
117
118        <activity
118-->[com.google.android.gms:play-services-base:17.6.0] AndroidManifest.xml:23:9-26:75
119            android:name="com.google.android.gms.common.api.GoogleApiActivity"
119-->[com.google.android.gms:play-services-base:17.6.0] AndroidManifest.xml:24:13-79
120            android:exported="false"
120-->[com.google.android.gms:play-services-base:17.6.0] AndroidManifest.xml:25:13-37
121            android:theme="@android:style/Theme.Translucent.NoTitleBar" />
121-->[com.google.android.gms:play-services-base:17.6.0] AndroidManifest.xml:26:13-72
122
123        <meta-data
123-->[com.google.android.gms:play-services-basement:17.6.0] AndroidManifest.xml:23:9-25:69
124            android:name="com.google.android.gms.version"
124-->[com.google.android.gms:play-services-basement:17.6.0] AndroidManifest.xml:24:13-58
125            android:value="@integer/google_play_services_version" />
125-->[com.google.android.gms:play-services-basement:17.6.0] AndroidManifest.xml:25:13-66
126    </application>
127
128</manifest>